Daily automated update - Sun Jun 22 16:07:55 UTC 2025
Repository updated by GitHub Actions
---
Daily automated update - Mon Jun 23 14:45:56 UTC 2025
Repository updated by GitHub Actions
---
Daily automated update - Tue Jun 24 14:44:23 UTC 2025
Repository updated by GitHub Actions
---
Daily automated update - Wed Jun 25 14:45:35 UTC 2025
Repository updated by GitHub Actions
---
Daily automated update - Thu Jun 26 14:44:19 UTC 2025
Repository updated by GitHub Actions
---
Daily automated update - Fri Jun 27 14:43:36 UTC 2025
Repository updated by GitHub Actions
---
Daily automated update - Sat Jun 28 14:41:42 UTC 2025
Repository updated by GitHub Actions
---
Daily automated update - Sun Jun 29 14:40:19 UTC 2025
Repository updated by GitHub Actions
---
Daily automated update - Mon Jun 30 14:44:30 UTC 2025
Repository updated by GitHub Actions
---
Daily automated update - Tue Jul  1 14:43:14 UTC 2025
Repository updated by GitHub Actions
---
Daily automated update - Wed Jul  2 14:44:43 UTC 2025
Repository updated by GitHub Actions
---
Daily automated update - Thu Jul  3 14:44:03 UTC 2025
Repository updated by GitHub Actions
---
